It's della-gpu
Requester: arnab Node: della-h12n18
/scratch/gpfs/arnab/flexible_encoding/flexible_encoding_arnab_v2.py --batch_size 10 --hidden_layer_dim 30 --hidden_layer_num 1 --subject 798 --lags -5000 -4900 -4800 -4700 -4600 -4500 -4400 -4300 -4200 -4100 -4000 -3900 -3800 -3700 -3600 -3500 -3400 -3300 -3200 -3100 -3000 -2900 -2800 -2700 -2600 -2500 -2400 -2300 -2200 -2100 -2000 -1900 -1800 -1700 -1600 -1500 -1400 -1300 -1200 -1100 -1000 -900 -800 -700 -600 -500 -400 -300 -200 -100 0 100 200 300 400 500 600 700 800 900 1000 --EPOCHS 200 --train_num 3500 --num_words 3 --min_num_words 5 --electrode 5 --activation_function ReLU --learning_rate 0.001 --momentum 0.9
Start time: Fri Nov 29 04:43:26 EST 2024
Namespace(batch_size=10, subject=798, hidden_layer_dim=30, hidden_layer_num=1, lags=[-5000, -4900, -4800, -4700, -4600, -4500, -4400, -4300, -4200, -4100, -4000, -3900, -3800, -3700, -3600, -3500, -3400, -3300, -3200, -3100, -3000, -2900, -2800, -2700, -2600, -2500, -2400, -2300, -2200, -2100, -2000, -1900, -1800, -1700, -1600, -1500, -1400, -1300, -1200, -1100, -1000, -900, -800, -700, -600, -500, -400, -300, -200, -100, 0, 100, 200, 300, 400, 500, 600, 700, 800, 900, 1000], EPOCHS=200, train_num=3500, min_num_words=5, use_second_network=False, electrode=5, taking_words=False, num_words=3, activation_function='ReLU', learning_rate=0.001, momentum=0.9)
preparing electrode data
NY798_1015_Part1_conversation1
0
NY798_1015_Part2_conversation1
320
NY798_1016_Part1_conversation1
498
NY798_1016_Part2-one_conversation1
890
NY798_1016_Part2-two_conversation1
932
NY798_1016_Part3-one_conversation1
1805
NY798_1017_Part1_conversation1
1838
NY798_1017_Part2_conversation1
1892
NY798_1017_Part3_conversation1
2861
NY798_1017_Part4-one_conversation1
3332
NY798_1018_Part1_conversation1
3333
NY798_1018_Part2_conversation1
3821
NY798_1018_Part3-one_conversation1
4129
NY798_1019_Part1_conversation1
4188
embeddings shape: (4396, 1, 50)
elec data shape: (4396, 40, 61)
electrode data prep done
Model Summary:
----------------------------------------------------------------
        Layer (type)               Output Shape         Param #
================================================================
            Linear-1             [-1, 3, 1, 30]           1,530
              ReLU-2             [-1, 3, 1, 30]               0
            Linear-3              [-1, 3, 1, 1]              31
================================================================
Total params: 1,561
Trainable params: 1,561
Non-trainable params: 0
----------------------------------------------------------------
Input size (MB): 0.00
Forward/backward pass size (MB): 0.00
Params size (MB): 0.01
Estimated Total Size (MB): 0.01
----------------------------------------------------------------
None
EPOCH 1:
epoch 0 loss: 0.004053787653891569
LOSS train 0.004053787653891569 valid 0.004810741171240807
Corr: -0.05369196514584237
EPOCH 2:
epoch 1 loss: 0.003614981057762634
LOSS train 0.003614981057762634 valid 0.004575198981910944
Corr: -0.04925347628281944
EPOCH 3:
epoch 2 loss: 0.0032715102610693845
LOSS train 0.0032715102610693845 valid 0.004355505108833313
Corr: -0.04670786801354005
EPOCH 4:
epoch 3 loss: 0.003065420505964929
LOSS train 0.003065420505964929 valid 0.004400206264108419
Corr: -0.04372710878926092
EPOCH 5:
epoch 4 loss: 0.0028975398763473746
LOSS train 0.0028975398763473746 valid 0.00432752026244998
Corr: -0.04249486374293157
EPOCH 6:
epoch 5 loss: 0.002770862235338427
LOSS train 0.002770862235338427 valid 0.0043617426417768
Corr: -0.041302859389350216
EPOCH 7:
epoch 6 loss: 0.0026596314913227355
LOSS train 0.0026596314913227355 valid 0.004287713207304478
Corr: -0.0407729878739781
EPOCH 8:
epoch 7 loss: 0.002558251874018294
LOSS train 0.002558251874018294 valid 0.004251418635249138
Corr: -0.039708538052545414
EPOCH 9:
epoch 8 loss: 0.002477313872098291
LOSS train 0.002477313872098291 valid 0.0042413161136209965
Corr: -0.03992934193490601
EPOCH 10:
epoch 9 loss: 0.002398400217654333
LOSS train 0.002398400217654333 valid 0.004225050564855337
Corr: -0.040199191710743404
EPOCH 11:
epoch 10 loss: 0.0023295995049037238
LOSS train 0.0023295995049037238 valid 0.00421266071498394
Corr: -0.039399604543490806
EPOCH 12:
epoch 11 loss: 0.0022596205517766066
LOSS train 0.0022596205517766066 valid 0.004236099775880575
Corr: -0.04055447656396141
EPOCH 13:
epoch 12 loss: 0.002194697746412463
LOSS train 0.002194697746412463 valid 0.004186465870589018
Corr: -0.04103465173290507
EPOCH 14:
epoch 13 loss: 0.002150874992138207
LOSS train 0.002150874992138207 valid 0.004214927554130554
Corr: -0.04088092413706758
EPOCH 15:
epoch 14 loss: 0.002098925943345031
LOSS train 0.002098925943345031 valid 0.004216899164021015
Corr: -0.04064523139433727
EPOCH 16:
epoch 15 loss: 0.0020646919156778105
LOSS train 0.0020646919156778105 valid 0.004217975307255983
Corr: -0.04114053028230344
EPOCH 17:
epoch 16 loss: 0.0020286047896453446
LOSS train 0.0020286047896453446 valid 0.004194530658423901
Corr: -0.04223094971472793
EPOCH 18:
epoch 17 loss: 0.001987786680464134
LOSS train 0.001987786680464134 valid 0.0041884989477694035
Corr: -0.04312902300862527
EPOCH 19:
epoch 18 loss: 0.0019563275251545877
LOSS train 0.0019563275251545877 valid 0.0042337942868471146
Corr: -0.04465305673416175
EPOCH 20:
epoch 19 loss: 0.0019210502500521085
LOSS train 0.0019210502500521085 valid 0.004230062011629343
Corr: -0.04627580723423512
EPOCH 21:
epoch 20 loss: 0.0018969133489216412
LOSS train 0.0018969133489216412 valid 0.0042638517916202545
Corr: -0.04575540376711186
EPOCH 22:
epoch 21 loss: 0.0018654534516515144
LOSS train 0.0018654534516515144 valid 0.004292877856642008
Corr: -0.04700291392329642
EPOCH 23:
epoch 22 loss: 0.0018478707397298422
LOSS train 0.0018478707397298422 valid 0.004274149425327778
Corr: -0.047714758920648546
EPOCH 24:
epoch 23 loss: 0.0018189181704656222
LOSS train 0.0018189181704656222 valid 0.004266501870006323
Corr: -0.048402073683871005
EPOCH 25:
epoch 24 loss: 0.0017937071842607111
LOSS train 0.0017937071842607111 valid 0.00430340226739645
Corr: -0.04956926292613474
EPOCH 26:
epoch 25 loss: 0.001776207883376628
LOSS train 0.001776207883376628 valid 0.004292983561754227
Corr: -0.050645757607014
EPOCH 27:
epoch 26 loss: 0.0017530170216507812
LOSS train 0.0017530170216507812 valid 0.004314661491662264
Corr: -0.051360670718984106
EPOCH 28:
epoch 27 loss: 0.0017357913225714582
LOSS train 0.0017357913225714582 valid 0.004289891570806503
Corr: -0.05202061612773372
EPOCH 29:
epoch 28 loss: 0.0017136748688270538
LOSS train 0.0017136748688270538 valid 0.004301293753087521
Corr: -0.05252598152801639
EPOCH 30:
epoch 29 loss: 0.0016933128606095645
LOSS train 0.0016933128606095645 valid 0.004316567908972502
Corr: -0.05426305347463534
EPOCH 31:
epoch 30 loss: 0.001674555232925091
LOSS train 0.001674555232925091 valid 0.004347372334450483
Corr: -0.05505524001654646
EPOCH 32:
epoch 31 loss: 0.0016564187244304256
LOSS train 0.0016564187244304256 valid 0.004324125126004219
Corr: -0.05626849914828032
EPOCH 33:
epoch 32 loss: 0.0016419109874238659
LOSS train 0.0016419109874238659 valid 0.004367641638964415
Corr: -0.05614986549138725
EPOCH 34:
epoch 33 loss: 0.0016207574846443355
LOSS train 0.0016207574846443355 valid 0.004349872469902039
Corr: -0.057269537231966136
EPOCH 35:
epoch 34 loss: 0.0016080877982520697
LOSS train 0.0016080877982520697 valid 0.004384246654808521
Corr: -0.057242479439062216
EPOCH 36:
epoch 35 loss: 0.0015965171631250996
LOSS train 0.0015965171631250996 valid 0.0043767234310507774
Corr: -0.058810410864032145
EPOCH 37:
epoch 36 loss: 0.0015793440864841355
LOSS train 0.0015793440864841355 valid 0.004343326669186354
Corr: -0.05833139602182006
EPOCH 38:
epoch 37 loss: 0.001568081286765976
LOSS train 0.001568081286765976 valid 0.00437183678150177
Corr: -0.05873754328518874
EPOCH 39:
epoch 38 loss: 0.0015579676599424732
LOSS train 0.0015579676599424732 valid 0.004387887194752693
Corr: -0.05823382203662888
EPOCH 40:
epoch 39 loss: 0.001542984586901314
LOSS train 0.001542984586901314 valid 0.00438979547470808
Corr: -0.05847580933592869
EPOCH 41:
epoch 40 loss: 0.0015295004043374709
LOSS train 0.0015295004043374709 valid 0.004400930367410183
Corr: -0.057783516429253716
EPOCH 42:
epoch 41 loss: 0.001516113967934091
LOSS train 0.001516113967934091 valid 0.00440133037045598
Corr: -0.05761344581756892
EPOCH 43:
epoch 42 loss: 0.00149934571772714
LOSS train 0.00149934571772714 valid 0.004398807883262634
Corr: -0.05620314908378643
EPOCH 44:
epoch 43 loss: 0.001483320624746349
LOSS train 0.001483320624746349 valid 0.004363177809864283
Corr: -0.05604166069678805
EPOCH 45:
epoch 44 loss: 0.00147759981382738
LOSS train 0.00147759981382738 valid 0.004402415826916695
Corr: -0.05538453884349288
EPOCH 46:
epoch 45 loss: 0.0014684565915065052
LOSS train 0.0014684565915065052 valid 0.004376119468361139
Corr: -0.05633313898480081
EPOCH 47:
epoch 46 loss: 0.0014544127073479883
LOSS train 0.0014544127073479883 valid 0.004385180771350861
Corr: -0.05630809225618274
EPOCH 48:
epoch 47 loss: 0.0014389565385083966
LOSS train 0.0014389565385083966 valid 0.004398471675813198
Corr: -0.05570232516690656
EPOCH 49:
epoch 48 loss: 0.0014255192636691
LOSS train 0.0014255192636691 valid 0.004367661662399769
Corr: -0.055608961666084505
EPOCH 50:
epoch 49 loss: 0.0014161263492964541
LOSS train 0.0014161263492964541 valid 0.004407721571624279
Corr: -0.05481620763130248
EPOCH 51:
epoch 50 loss: 0.0014069005747816327
LOSS train 0.0014069005747816327 valid 0.004384347703307867
Corr: -0.0554059682019066
EPOCH 52:
epoch 51 loss: 0.0013947030444459024
LOSS train 0.0013947030444459024 valid 0.004405195824801922
Corr: -0.05464628437373231
EPOCH 53:
epoch 52 loss: 0.0013857565927901305
LOSS train 0.0013857565927901305 valid 0.004387971945106983
Corr: -0.0550679466639825
EPOCH 54:
epoch 53 loss: 0.0013712222224837335
LOSS train 0.0013712222224837335 valid 0.004405791871249676
Corr: -0.05606356457328994
EPOCH 55:
epoch 54 loss: 0.001361414386857567
LOSS train 0.001361414386857567 valid 0.004440826829522848
Corr: -0.056181125059264654
EPOCH 56:
epoch 55 loss: 0.0013448698600820664
LOSS train 0.0013448698600820664 valid 0.00444658100605011
Corr: -0.055931008004974976
EPOCH 57:
epoch 56 loss: 0.0013379493042261206
LOSS train 0.0013379493042261206 valid 0.004436492919921875
Corr: -0.05684144400932774
EPOCH 58:
epoch 57 loss: 0.001329195820206743
LOSS train 0.001329195820206743 valid 0.004430519882589579
Corr: -0.057327239067653746
EPOCH 59:
epoch 58 loss: 0.001317301164339629
LOSS train 0.001317301164339629 valid 0.004416688345372677
Corr: -0.056538580874586616
EPOCH 60:
epoch 59 loss: 0.0013105429136235866
LOSS train 0.0013105429136235866 valid 0.004432069603353739
Corr: -0.05682515061043838
EPOCH 61:
epoch 60 loss: 0.0012976851675921353
LOSS train 0.0012976851675921353 valid 0.004440543707460165
Corr: -0.05630806606251076
EPOCH 62:
epoch 61 loss: 0.0012903381055886193
LOSS train 0.0012903381055886193 valid 0.004421570338308811
Corr: -0.05686502818901086
EPOCH 63:
epoch 62 loss: 0.0012844812717750236
LOSS train 0.0012844812717750236 valid 0.004443256184458733
Corr: -0.05636800941862052
EPOCH 64:
epoch 63 loss: 0.001273425278070915
LOSS train 0.001273425278070915 valid 0.00442484812811017
Corr: -0.05751043327990945
EPOCH 65:
epoch 64 loss: 0.0012683037338761746
LOSS train 0.0012683037338761746 valid 0.004429388791322708
Corr: -0.05828608079833776
EPOCH 66:
epoch 65 loss: 0.0012610480433068005
LOSS train 0.0012610480433068005 valid 0.004455798305571079
Corr: -0.05750897648439333
EPOCH 67:
epoch 66 loss: 0.0012520358478234682
LOSS train 0.0012520358478234682 valid 0.004422190599143505
Corr: -0.05779441385243297
EPOCH 68:
epoch 67 loss: 0.0012478390461183153
LOSS train 0.0012478390461183153 valid 0.004435867536813021
Corr: -0.05796176287061697
EPOCH 69:
epoch 68 loss: 0.001239641929215785
LOSS train 0.001239641929215785 valid 0.00443396158516407
Corr: -0.058516628208014426
EPOCH 70:
epoch 69 loss: 0.0012327434821677993
LOSS train 0.0012327434821677993 valid 0.004446117207407951
Corr: -0.05798208484730302
EPOCH 71:
epoch 70 loss: 0.0012280530871690385
LOSS train 0.0012280530871690385 valid 0.004466081969439983
Corr: -0.05768975623101212
EPOCH 72:
epoch 71 loss: 0.0012190385020221584
LOSS train 0.0012190385020221584 valid 0.004469326231628656
Corr: -0.05828573088910118
EPOCH 73:
epoch 72 loss: 0.0012136216737001502
LOSS train 0.0012136216737001502 valid 0.004474375396966934
Corr: -0.059253756464922626
EPOCH 74:
epoch 73 loss: 0.001199927466441295
LOSS train 0.001199927466441295 valid 0.004469666164368391
Corr: -0.05934425602111452
EPOCH 75:
epoch 74 loss: 0.001197374750034734
LOSS train 0.001197374750034734 valid 0.00448998250067234
Corr: -0.0594382054022035
EPOCH 76:
epoch 75 loss: 0.0011885375974608385
LOSS train 0.0011885375974608385 valid 0.004485694691538811
Corr: -0.05893043178060187
EPOCH 77:
epoch 76 loss: 0.0011787223073094668
LOSS train 0.0011787223073094668 valid 0.004483021330088377
Corr: -0.05971953110958592
EPOCH 78:
epoch 77 loss: 0.0011715221870378758
LOSS train 0.0011715221870378758 valid 0.004501411225646734
Corr: -0.05991514623483117
EPOCH 79:
epoch 78 loss: 0.001165978934877785
LOSS train 0.001165978934877785 valid 0.004486046731472015
Corr: -0.06016243798975061
EPOCH 80:
epoch 79 loss: 0.001159780479460356
LOSS train 0.001159780479460356 valid 0.004498140420764685
Corr: -0.060226159845323556
EPOCH 81:
epoch 80 loss: 0.0011512592809906762
LOSS train 0.0011512592809906762 valid 0.004503441974520683
Corr: -0.06019395646167615
EPOCH 82:
epoch 81 loss: 0.0011484788888472914
LOSS train 0.0011484788888472914 valid 0.0045173997059464455
Corr: -0.060198321252491055
EPOCH 83:
epoch 82 loss: 0.0011380088096484542
LOSS train 0.0011380088096484542 valid 0.00450865738093853
Corr: -0.060031313915294274
EPOCH 84:
epoch 83 loss: 0.001132969938802749
LOSS train 0.001132969938802749 valid 0.0045022014528512955
Corr: -0.06022395390147344
EPOCH 85:
epoch 84 loss: 0.0011243082753208
LOSS train 0.0011243082753208 valid 0.004482064861804247
Corr: -0.059948244952700784
EPOCH 86:
epoch 85 loss: 0.0011191167760885687
LOSS train 0.0011191167760885687 valid 0.004528493154793978
Corr: -0.05970037608886797
EPOCH 87:
epoch 86 loss: 0.001113801411577567
LOSS train 0.001113801411577567 valid 0.004516746383160353
Corr: -0.06040479090330529
EPOCH 88:
epoch 87 loss: 0.0011053325887561576
LOSS train 0.0011053325887561576 valid 0.004540742840617895
Corr: -0.060025675038684466
EPOCH 89:
epoch 88 loss: 0.0011034698548402437
LOSS train 0.0011034698548402437 valid 0.004521118942648172
Corr: -0.06046058819083659
EPOCH 90:
epoch 89 loss: 0.001095113441239976
LOSS train 0.001095113441239976 valid 0.004540922120213509
Corr: -0.06085924758810879
EPOCH 91:
epoch 90 loss: 0.0010890231626607212
LOSS train 0.0010890231626607212 valid 0.004534321837127209
Corr: -0.061263706660086695
EPOCH 92:
epoch 91 loss: 0.001081307007968592
LOSS train 0.001081307007968592 valid 0.004530238453298807
Corr: -0.061457897671933125
EPOCH 93:
epoch 92 loss: 0.0010770604348882833
LOSS train 0.0010770604348882833 valid 0.004535578191280365
Corr: -0.06129439964361408
EPOCH 94:
epoch 93 loss: 0.0010689320523150465
LOSS train 0.0010689320523150465 valid 0.00450574466958642
Corr: -0.06190422907477113
EPOCH 95:
epoch 94 loss: 0.0010663050345985018
LOSS train 0.0010663050345985018 valid 0.004544388502836227
Corr: -0.06170717322865405
EPOCH 96:
epoch 95 loss: 0.0010590005161066074
LOSS train 0.0010590005161066074 valid 0.004552850499749184
Corr: -0.06197790764105682
EPOCH 97:
epoch 96 loss: 0.001056553887361328
LOSS train 0.001056553887361328 valid 0.004560758825391531
Corr: -0.061217994168427645
EPOCH 98:
epoch 97 loss: 0.001050838528899476
LOSS train 0.001050838528899476 valid 0.004534756764769554
Corr: -0.06154716146716773
EPOCH 99:
epoch 98 loss: 0.0010459415671669246
LOSS train 0.0010459415671669246 valid 0.004519774578511715
Corr: -0.06143233732454518
EPOCH 100:
epoch 99 loss: 0.0010409402762681047
LOSS train 0.0010409402762681047 valid 0.004541005939245224
Corr: -0.060871242978948616
EPOCH 101:
epoch 100 loss: 0.001035382290564095
LOSS train 0.001035382290564095 valid 0.004515152890235186
Corr: -0.06156623679966636
EPOCH 102:
epoch 101 loss: 0.0010309490737667407
LOSS train 0.0010309490737667407 valid 0.004515886306762695
Corr: -0.061778672938338934
EPOCH 103:
epoch 102 loss: 0.0010253546934005239
LOSS train 0.0010253546934005239 valid 0.00454516289755702
Corr: -0.061411648391650836
EPOCH 104:
epoch 103 loss: 0.0010189691463061276
LOSS train 0.0010189691463061276 valid 0.004528642166405916
Corr: -0.062117874310646484
EPOCH 105:
epoch 104 loss: 0.0010146970131817007
LOSS train 0.0010146970131817007 valid 0.004537693690508604
Corr: -0.062142709490237695
EPOCH 106:
epoch 105 loss: 0.0010126431126263923
LOSS train 0.0010126431126263923 valid 0.004546390380710363
Corr: -0.06181223046185936
EPOCH 107:
epoch 106 loss: 0.001006598466608141
LOSS train 0.001006598466608141 valid 0.004527507349848747
Corr: -0.06181301110657619
EPOCH 108:
epoch 107 loss: 0.0009999481428530999
LOSS train 0.0009999481428530999 valid 0.0045218574814498425
Corr: -0.062172199069467964
EPOCH 109:
epoch 108 loss: 0.0009967243246605253
LOSS train 0.0009967243246605253 valid 0.004542135167866945
Corr: -0.062221080804126166
EPOCH 110:
epoch 109 loss: 0.0009939196295662052
LOSS train 0.0009939196295662052 valid 0.00453929090872407
Corr: -0.062391527598886484
EPOCH 111:
epoch 110 loss: 0.000990534898301121
LOSS train 0.000990534898301121 valid 0.004540245980024338
Corr: -0.06245127929329416
EPOCH 112:
epoch 111 loss: 0.0009835240506592007
LOSS train 0.0009835240506592007 valid 0.004558969289064407
Corr: -0.06264870376440149
EPOCH 113:
epoch 112 loss: 0.000980078142664362
LOSS train 0.000980078142664362 valid 0.004552424419671297
Corr: -0.06255465714520418
EPOCH 114:
epoch 113 loss: 0.0009745843319355377
LOSS train 0.0009745843319355377 valid 0.004544518422335386
Corr: -0.06297765903501933
EPOCH 115:
epoch 114 loss: 0.0009720185819709773
LOSS train 0.0009720185819709773 valid 0.00453227711841464
Corr: -0.06281406347350683
EPOCH 116:
epoch 115 loss: 0.0009689784400273181
LOSS train 0.0009689784400273181 valid 0.0045302920043468475
Corr: -0.063495783826655
EPOCH 117:
epoch 116 loss: 0.0009649196952523198
LOSS train 0.0009649196952523198 valid 0.004562390968203545
Corr: -0.06274093979851729
EPOCH 118:
epoch 117 loss: 0.0009613446798383458
LOSS train 0.0009613446798383458 valid 0.004549512639641762
Corr: -0.06282810592048096
EPOCH 119:
epoch 118 loss: 0.0009573329605908449
LOSS train 0.0009573329605908449 valid 0.00455622561275959
Corr: -0.06312312445940033
EPOCH 120:
epoch 119 loss: 0.0009537560605219499
LOSS train 0.0009537560605219499 valid 0.004534868523478508
Corr: -0.06261316193098294
EPOCH 121:
epoch 120 loss: 0.0009518759181186657
LOSS train 0.0009518759181186657 valid 0.004535130690783262
Corr: -0.06263901434381083
EPOCH 122:
epoch 121 loss: 0.0009478259434191776
LOSS train 0.0009478259434191776 valid 0.004528822377324104
Corr: -0.062698891304856
EPOCH 123:
epoch 122 loss: 0.000944563184857543
LOSS train 0.000944563184857543 valid 0.004536594729870558
Corr: -0.06264379563871353
EPOCH 124:
epoch 123 loss: 0.0009404697025352756
LOSS train 0.0009404697025352756 valid 0.004533362574875355
Corr: -0.06222705276765165
EPOCH 125:
epoch 124 loss: 0.000936849804243788
LOSS train 0.000936849804243788 valid 0.004542235750705004
Corr: -0.062281479544121686
EPOCH 126:
epoch 125 loss: 0.000933949977147027
LOSS train 0.000933949977147027 valid 0.004524861928075552
Corr: -0.062029973975208694
EPOCH 127:
epoch 126 loss: 0.0009298309151615416
LOSS train 0.0009298309151615416 valid 0.004551161080598831
Corr: -0.061983662302066735
EPOCH 128:
epoch 127 loss: 0.0009248420962207352
LOSS train 0.0009248420962207352 valid 0.0045557511039078236
Corr: -0.062429057124480165
EPOCH 129:
epoch 128 loss: 0.0009241514961104258
LOSS train 0.0009241514961104258 valid 0.004538442939519882
Corr: -0.06195601469164028
EPOCH 130:
epoch 129 loss: 0.0009212337842161235
LOSS train 0.0009212337842161235 valid 0.004548303317278624
Corr: -0.06212002245734803
EPOCH 131:
epoch 130 loss: 0.0009191969357509931
LOSS train 0.0009191969357509931 valid 0.004537537693977356
Corr: -0.06186444524268265
EPOCH 132:
epoch 131 loss: 0.000915458554331313
LOSS train 0.000915458554331313 valid 0.004524128511548042
Corr: -0.06141006031022777
EPOCH 133:
epoch 132 loss: 0.0009114323773870377
LOSS train 0.0009114323773870377 valid 0.004542605485767126
Corr: -0.06192195797508082
EPOCH 134:
epoch 133 loss: 0.0009102271635908567
LOSS train 0.0009102271635908567 valid 0.0045397235080599785
Corr: -0.061682796986488486
EPOCH 135:
epoch 134 loss: 0.0009072401129066877
LOSS train 0.0009072401129066877 valid 0.004525084979832172
Corr: -0.06098290127126517
EPOCH 136:
epoch 135 loss: 0.0009008697712540327
LOSS train 0.0009008697712540327 valid 0.004529129713773727
Corr: -0.06067977594648089
EPOCH 137:
epoch 136 loss: 0.0009004752908159779
LOSS train 0.0009004752908159779 valid 0.004523726645857096
Corr: -0.060715017541158614
EPOCH 138:
epoch 137 loss: 0.0008968696531103758
LOSS train 0.0008968696531103758 valid 0.004539394751191139
Corr: -0.06069818459324207
EPOCH 139:
epoch 138 loss: 0.0008933936489587982
LOSS train 0.0008933936489587982 valid 0.004530169069766998
Corr: -0.06082738962839758
EPOCH 140:
epoch 139 loss: 0.0008892303605950604
LOSS train 0.0008892303605950604 valid 0.00454563507810235
Corr: -0.06126235638827459
EPOCH 141:
epoch 140 loss: 0.0008870239356682369
LOSS train 0.0008870239356682369 valid 0.004548239056020975
Corr: -0.0613380401832692
EPOCH 142:
epoch 141 loss: 0.0008854016823170241
LOSS train 0.0008854016823170241 valid 0.0045401714742183685
Corr: -0.06167748955540748
EPOCH 143:
epoch 142 loss: 0.0008798620920216698
LOSS train 0.0008798620920216698 valid 0.004528636112809181
Corr: -0.060937728648694796
EPOCH 144:
epoch 143 loss: 0.0008800569225734632
LOSS train 0.0008800569225734632 valid 0.004549970384687185
Corr: -0.060452046070571565
EPOCH 145:
epoch 144 loss: 0.0008789711500659385
LOSS train 0.0008789711500659385 valid 0.004537542350590229
Corr: -0.06104346938339657
EPOCH 146:
epoch 145 loss: 0.0008752667851721136
LOSS train 0.0008752667851721136 valid 0.004543605726212263
Corr: -0.06090422460477792
EPOCH 147:
epoch 146 loss: 0.000872167512310885
LOSS train 0.000872167512310885 valid 0.004532189108431339
Corr: -0.0609943241437794
EPOCH 148:
epoch 147 loss: 0.0008669424889792156
LOSS train 0.0008669424889792156 valid 0.0045288619585335255
Corr: -0.06070112707991419
EPOCH 149:
epoch 148 loss: 0.000866667915647018
LOSS train 0.000866667915647018 valid 0.004531696438789368
Corr: -0.05997871297035466
EPOCH 150:
epoch 149 loss: 0.0008620809922909497
LOSS train 0.0008620809922909497 valid 0.004534414038062096
Corr: -0.06049623422095419
EPOCH 151:
epoch 150 loss: 0.0008600720069911664
LOSS train 0.0008600720069911664 valid 0.0045531089417636395
Corr: -0.06027197901664688
EPOCH 152:
epoch 151 loss: 0.0008604484102605576
LOSS train 0.0008604484102605576 valid 0.004548217169940472
Corr: -0.060136574396819985
EPOCH 153:
epoch 152 loss: 0.0008555296771581717
LOSS train 0.0008555296771581717 valid 0.0045430720783770084
Corr: -0.059539012815364174
EPOCH 154:
epoch 153 loss: 0.0008533506813130641
LOSS train 0.0008533506813130641 valid 0.004542818292975426
Corr: -0.059755069028582526
EPOCH 155:
epoch 154 loss: 0.000851703305816045
LOSS train 0.000851703305816045 valid 0.004534178879112005
Corr: -0.060591716541123865
EPOCH 156:
epoch 155 loss: 0.0008478124478798626
LOSS train 0.0008478124478798626 valid 0.004537362605333328
Corr: -0.060099136254624264
EPOCH 157:
epoch 156 loss: 0.0008468876378589942
LOSS train 0.0008468876378589942 valid 0.004531511105597019
Corr: -0.06041629058705123
EPOCH 158:
epoch 157 loss: 0.0008422743016646044
LOSS train 0.0008422743016646044 valid 0.004528930876404047
Corr: -0.05989966988044141
EPOCH 159:
epoch 158 loss: 0.0008424501458128881
LOSS train 0.0008424501458128881 valid 0.004533034283667803
Corr: -0.0603076361805517
EPOCH 160:
epoch 159 loss: 0.000838868380337122
LOSS train 0.000838868380337122 valid 0.004543639253824949
Corr: -0.05971888207283458
EPOCH 161:
epoch 160 loss: 0.0008381209275726828
LOSS train 0.0008381209275726828 valid 0.004533713683485985
Corr: -0.06060993509534925
EPOCH 162:
epoch 161 loss: 0.0008319037236963465
LOSS train 0.0008319037236963465 valid 0.004515059757977724
Corr: -0.06034949101505175
EPOCH 163:
epoch 162 loss: 0.0008326193623673005
LOSS train 0.0008326193623673005 valid 0.0045194244012236595
Corr: -0.05987195102117391
EPOCH 164:
epoch 163 loss: 0.0008311084847706038
LOSS train 0.0008311084847706038 valid 0.004538211040198803
Corr: -0.05983477962416865
EPOCH 165:
epoch 164 loss: 0.0008269143163592422
LOSS train 0.0008269143163592422 valid 0.004541777074337006
Corr: -0.06023447238789061
EPOCH 166:
epoch 165 loss: 0.0008245505813621484
LOSS train 0.0008245505813621484 valid 0.004551706835627556
Corr: -0.05988754851953488
EPOCH 167:
epoch 166 loss: 0.0008224408475091747
LOSS train 0.0008224408475091747 valid 0.004540194291621447
Corr: -0.06056033311447247
EPOCH 168:
epoch 167 loss: 0.0008186319799382805
LOSS train 0.0008186319799382805 valid 0.004528060555458069
Corr: -0.061165869629319476
EPOCH 169:
epoch 168 loss: 0.0008180436852022208
LOSS train 0.0008180436852022208 valid 0.004552197642624378
Corr: -0.06067853334141561
EPOCH 170:
epoch 169 loss: 0.0008153209751201627
LOSS train 0.0008153209751201627 valid 0.0045434278436005116
Corr: -0.06062732612768484
EPOCH 171:
epoch 170 loss: 0.0008139711320628911
LOSS train 0.0008139711320628911 valid 0.004528652876615524
Corr: -0.061077308008512285
EPOCH 172:
epoch 171 loss: 0.0008116932580846228
LOSS train 0.0008116932580846228 valid 0.00453912653028965
Corr: -0.061011333195695044
EPOCH 173:
epoch 172 loss: 0.0008078549297247914
LOSS train 0.0008078549297247914 valid 0.0045166839845478535
Corr: -0.06090014332808172
EPOCH 174:
epoch 173 loss: 0.0008070623938900618
LOSS train 0.0008070623938900618 valid 0.004529564641416073
Corr: -0.061298689536410295
EPOCH 175:
epoch 174 loss: 0.00080541505981403
LOSS train 0.00080541505981403 valid 0.004522122908383608
Corr: -0.06170232718466279
EPOCH 176:
epoch 175 loss: 0.0008029808875861428
LOSS train 0.0008029808875861428 valid 0.004532151855528355
Corr: -0.06149786144236863
EPOCH 177:
epoch 176 loss: 0.0008000555004920378
LOSS train 0.0008000555004920378 valid 0.00453545618802309
Corr: -0.06145189752927749
EPOCH 178:
epoch 177 loss: 0.0007983072760544018
LOSS train 0.0007983072760544018 valid 0.004533225670456886
Corr: -0.061815573994065766
EPOCH 179:
epoch 178 loss: 0.0007959983326301361
LOSS train 0.0007959983326301361 valid 0.004519254434853792
Corr: -0.06157475475335318
EPOCH 180:
epoch 179 loss: 0.0007936262242167556
LOSS train 0.0007936262242167556 valid 0.004509278107434511
Corr: -0.061336747914964865
EPOCH 181:
epoch 180 loss: 0.0007905966514746459
LOSS train 0.0007905966514746459 valid 0.004542290698736906
Corr: -0.061630141116473816
EPOCH 182:
epoch 181 loss: 0.0007920839451669183
LOSS train 0.0007920839451669183 valid 0.004524596035480499
Corr: -0.06198711002151478
EPOCH 183:
epoch 182 loss: 0.0007882710147636576
LOSS train 0.0007882710147636576 valid 0.004517811816185713
Corr: -0.06175384153209634
EPOCH 184:
epoch 183 loss: 0.0007858360434849081
LOSS train 0.0007858360434849081 valid 0.004522409290075302
Corr: -0.0617359831758654
EPOCH 185:
epoch 184 loss: 0.0007830085380659772
LOSS train 0.0007830085380659772 valid 0.00452303746715188
Corr: -0.062434846653479925
EPOCH 186:
epoch 185 loss: 0.0007820566460785423
LOSS train 0.0007820566460785423 valid 0.004519833717495203
Corr: -0.06283221752188031
EPOCH 187:
epoch 186 loss: 0.0007790482935732662
LOSS train 0.0007790482935732662 valid 0.004520250950008631
Corr: -0.06200197597256469
EPOCH 188:
epoch 187 loss: 0.0007770907557018551
LOSS train 0.0007770907557018551 valid 0.004514139611274004
Corr: -0.06252558419014838
EPOCH 189:
epoch 188 loss: 0.0007745300601683474
LOSS train 0.0007745300601683474 valid 0.004525096155703068
Corr: -0.062340663903361654
EPOCH 190:
epoch 189 loss: 0.0007726896182845979
LOSS train 0.0007726896182845979 valid 0.004515429493039846
Corr: -0.0618762801377447
EPOCH 191:
epoch 190 loss: 0.0007700233246889963
LOSS train 0.0007700233246889963 valid 0.004535209853202105
Corr: -0.06200278827248551
EPOCH 192:
epoch 191 loss: 0.0007680004059303818
LOSS train 0.0007680004059303818 valid 0.00453494768589735
Corr: -0.061853532471399214
EPOCH 193:
epoch 192 loss: 0.0007647014954376833
LOSS train 0.0007647014954376833 valid 0.004503447562456131
Corr: -0.06167592596847384
EPOCH 194:
epoch 193 loss: 0.0007656811548804399
LOSS train 0.0007656811548804399 valid 0.004510164260864258
Corr: -0.06098251563729836
EPOCH 195:
epoch 194 loss: 0.0007612760786754994
LOSS train 0.0007612760786754994 valid 0.004510409664362669
Corr: -0.06134491771331749
EPOCH 196:
epoch 195 loss: 0.0007618241163228439
LOSS train 0.0007618241163228439 valid 0.004520996008068323
Corr: -0.061287432669260775
EPOCH 197:
epoch 196 loss: 0.0007586962249791084
LOSS train 0.0007586962249791084 valid 0.004513046704232693
Corr: -0.06111532368396365
EPOCH 198:
epoch 197 loss: 0.000756280119639996
LOSS train 0.000756280119639996 valid 0.00452071987092495
Corr: -0.061524658248222654
EPOCH 199:
epoch 198 loss: 0.0007559140229464642
LOSS train 0.0007559140229464642 valid 0.004508615471422672
Corr: -0.060772584694258135
EPOCH 200:
epoch 199 loss: 0.0007532343167674429
LOSS train 0.0007532343167674429 valid 0.0045126029290258884
Corr: -0.06046448154022818
final_corr
-0.039399604543490806
End time: Fri Nov 29 04:53:21 EST 2024
Elapsed Time: 595 seconds
